<?xml version="1.0" encoding="UTF-8"?>
<!-- Generated by org.testng.reporters.JUnitReportReporter -->
<testsuite hostname="HP-Elitebook" failures="0" tests="1" name="com.lambdatest.TestNGTodo2" time="6.076" errors="0" timestamp="12 Jul 2023 05:43:30 GMT" skipped="0">
  <testcase classname="com.lambdatest.TestNGTodo2" name="basicTest" time="6.076"/>
</testsuite> <!-- com.lambdatest.TestNGTodo2 -->
